[2026-06-19T03:40:55.408Z][INFO] Command-line: 'C:\\Program Files\\Unity\\Hub\\Editor\\6000.5.0f1\\Editor\\Data\\Resources\\PackageManager\\Server\\UnityPackageManager.exe' server -s 6584 --ipc-path Unity-Upm-6584 -l 2 --log-file C:\\Users\\jmm11\\Git\\Unemployment\\Unemployment/Logs/upm.log
[2026-06-19T03:40:55.444Z][INFO] IPC server started (IPC path=Unity-Upm-6584).
[2026-06-19T03:40:55.444Z][INFO] Hint: To connect to this UPM instance, launch Unity with the command-line parameter -upmIpcPath Upm-6584.
[2026-06-19T03:41:02.128Z][INFO] project:list-packages <-- Request received
params: {}
[2026-06-19T03:41:02.285Z][INFO] config:project:get-registries <-- Request received
params: {}
[2026-06-19T03:41:02.294Z][INFO] project:list-packages --> 200 (167 ms)
[2026-06-19T03:41:02.297Z][INFO] project:list-packages <-- Request received
params: {}
[2026-06-19T03:41:02.308Z][INFO] config:project:get-registries --> 200 (23 ms)
[2026-06-19T03:41:02.363Z][INFO] project:update-dependencies <-- Request received
params: {}
[2026-06-19T03:41:02.400Z][INFO] project:list-packages --> 200 (103 ms)
[2026-06-19T03:41:02.405Z][INFO] project:update-dependencies --> 200 (42 ms)
[2026-06-19T03:41:02.449Z][INFO] project:resolve-packages <-- Request received
params: {}
[2026-06-19T03:41:16.024Z][WARN] Requested version [4.9.3] for package [com.unity.searcher] overridden by minimum version [4.9.4].
[2026-06-19T03:41:16.024Z][WARN] Requested version [1.8.14] for package [com.unity.burst] overridden by minimum version [1.8.29].
[2026-06-19T03:41:16.024Z][WARN] Requested version [3.2.0] for package [com.unity.test-framework.performance] overridden by minimum version [3.5.0].
[2026-06-19T03:41:16.025Z][INFO] project:resolve-packages --> 200 (13576 ms)
[2026-06-19T03:41:51.053Z][INFO] project:list-packages <-- Request received
params: {}
[2026-06-19T03:41:51.069Z][INFO] project:list-packages <-- Request received
params: {}
[2026-06-19T03:41:51.302Z][INFO] project:list-packages --> 200 (249 ms)
[2026-06-19T03:41:51.303Z][INFO] project:list-packages --> 200 (234 ms)
[2026-06-19T03:41:52.032Z][INFO] project:list-packages <-- Request received
params: {}
[2026-06-19T03:41:52.158Z][INFO] project:list-packages --> 200 (126 ms)
[2026-06-19T03:41:52.209Z][INFO] config:project:get-registries <-- Request received
params: {}
[2026-06-19T03:41:52.211Z][INFO] config:project:get-registries --> 200 (2 ms)
[2026-06-19T03:42:23.786Z][INFO] project:list-packages <-- Request received
params: {}
[2026-06-19T03:42:23.901Z][INFO] project:list-packages --> 200 (115 ms)
[2026-06-19T03:42:33.821Z][INFO] packages:get-all-packageinfo <-- Request received
params: {}
[2026-06-19T03:42:33.836Z][INFO] packages:get-all-packageinfo <-- Request received
params: {}
[2026-06-19T03:42:34.957Z][INFO] packages:get-all-packageinfo --> 200 (1121 ms)
[2026-06-19T03:42:35.615Z][INFO] packages:get-packageinfo <-- Request received
params: {
  "packageId": "com.unity.addressables@2.9.1"
}
[2026-06-19T03:42:35.635Z][INFO] packages:get-packageinfo <-- Request received
params: {
  "packageId": "com.unity.ads.ios-support@1.0.1"
}
[2026-06-19T03:42:35.657Z][INFO] packages:get-packageinfo <-- Request received
params: {
  "packageId": "com.unity.learn.iet-framework@5.0.4"
}
[2026-06-19T03:42:35.658Z][INFO] packages:get-packageinfo <-- Request received
params: {
  "packageId": "com.unity.learn.iet-framework.authoring@1.5.4"
}
[2026-06-19T03:42:35.685Z][INFO] packages:get-packageinfo <-- Request received
params: {
  "packageId": "com.unity.probuilder@6.0.9"
}
[2026-06-19T03:42:35.686Z][INFO] packages:get-packageinfo <-- Request received
params: {
  "packageId": "com.unity.scriptablebuildpipeline@2.6.1"
}
[2026-06-19T03:42:35.727Z][INFO] packages:get-packageinfo <-- Request received
params: {
  "packageId": "com.unity.services.friends@1.1.1"
}
[2026-06-19T03:42:35.727Z][INFO] packages:get-packageinfo <-- Request received
params: {
  "packageId": "com.unity.services.moderation@1.0.2"
}
[2026-06-19T03:42:35.728Z][INFO] packages:get-packageinfo <-- Request received
params: {
  "packageId": "com.unity.services.multiplayer@2.1.3"
}
[2026-06-19T03:42:35.780Z][INFO] packages:get-packageinfo <-- Request received
params: {
  "packageId": "com.unity.splines@2.8.4"
}
[2026-06-19T03:42:35.780Z][INFO] packages:get-packageinfo <-- Request received
params: {
  "packageId": "com.unity.xr.management@4.5.4"
}
[2026-06-19T03:42:36.238Z][INFO] packages:get-packageinfo --> 200 (511 ms)
[2026-06-19T03:42:36.238Z][INFO] packages:get-packageinfo --> 200 (511 ms)
[2026-06-19T03:42:36.242Z][INFO] packages:get-packageinfo --> 200 (514 ms)
[2026-06-19T03:42:36.245Z][INFO] packages:get-packageinfo --> 200 (610 ms)
[2026-06-19T03:42:36.246Z][INFO] packages:get-packageinfo --> 200 (466 ms)
[2026-06-19T03:42:36.247Z][INFO] packages:get-packageinfo --> 200 (561 ms)
[2026-06-19T03:42:36.250Z][INFO] packages:get-packageinfo --> 200 (565 ms)
[2026-06-19T03:42:36.252Z][INFO] packages:get-packageinfo --> 200 (472 ms)
[2026-06-19T03:42:36.256Z][INFO] packages:get-packageinfo --> 200 (641 ms)
[2026-06-19T03:42:36.266Z][INFO] packages:get-packageinfo --> 200 (608 ms)
[2026-06-19T03:42:36.285Z][INFO] packages:get-packageinfo --> 200 (628 ms)
[2026-06-19T03:42:36.293Z][INFO] packages:get-all-packageinfo --> 200 (2472 ms)
